<?xml version="1.0" encoding="UTF-8"?>
<testng-results skipped="0" failed="0" ignored="0" total="12" passed="12">
  <reporter-output>
  </reporter-output>
  <suite name="com.testingshastra.util.RunnerTest" duration-ms="3883" started-at="2021-11-14T16:33:44 IST" finished-at="2021-11-14T16:33:48 IST">
    <groups>
      <group name="cucumber">
        <method signature="AbstractTestNGCucumberTests.runScenario(io.cucumber.testng.PickleWrapper, io.cucumber.testng.FeatureWrapper)[pri:0, instance:com.testingshastra.util.RunnerTest@3ba9ad43]" name="runScenario" class="io.cucumber.testng.AbstractTestNGCucumberTests"/>
      </group> <!-- cucumber -->
    </groups>
    <test name="Command line test" duration-ms="3883" started-at="2021-11-14T16:33:44 IST" finished-at="2021-11-14T16:33:48 IST">
      <class name="com.testingshastra.util.RunnerTest">
        <test-method status="PASS" signature="setUpClass()[pri:0, instance:com.testingshastra.util.RunnerTest@3ba9ad43]" name="setUpClass" is-config="true" duration-ms="868" started-at="2021-11-14T16:33:44 IST" finished-at="2021-11-14T16:33:45 IST">
          <reporter-output>
          </reporter-output>
        </test-method> <!-- setUpClass -->
        <test-method status="PASS" signature="runScenario(io.cucumber.testng.PickleWrapper, io.cucumber.testng.FeatureWrapper)[pri:0, instance:com.testingshastra.util.RunnerTest@3ba9ad43]" name="runScenario" duration-ms="420" started-at="2021-11-14T16:33:45 IST" description="Runs Cucumber Scenarios" data-provider="scenarios" finished-at="2021-11-14T16:33:45 IST">
          <params>
            <param index="0">
              <value>
                <![CDATA["Check parameterization"]]>
              </value>
            </param>
            <param index="1">
              <value>
                <![CDATA["Optional[This feature verifys the homepage for all negative and positive scenarios]"]]>
              </value>
            </param>
          </params>
          <reporter-output>
          </reporter-output>
        </test-method> <!-- runScenario -->
        <test-method status="PASS" signature="runScenario(io.cucumber.testng.PickleWrapper, io.cucumber.testng.FeatureWrapper)[pri:0, instance:com.testingshastra.util.RunnerTest@3ba9ad43]" name="runScenario" duration-ms="42" started-at="2021-11-14T16:33:46 IST" description="Runs Cucumber Scenarios" data-provider="scenarios" finished-at="2021-11-14T16:33:46 IST">
          <params>
            <param index="0">
              <value>
                <![CDATA["Passing numeric parameter to the Gherkin step"]]>
              </value>
            </param>
            <param index="1">
              <value>
                <![CDATA["Optional[This feature describes the parameterization in Cucumber]"]]>
              </value>
            </param>
          </params>
          <reporter-output>
          </reporter-output>
        </test-method> <!-- runScenario -->
        <test-method status="PASS" signature="runScenario(io.cucumber.testng.PickleWrapper, io.cucumber.testng.FeatureWrapper)[pri:0, instance:com.testingshastra.util.RunnerTest@3ba9ad43]" name="runScenario" duration-ms="12" started-at="2021-11-14T16:33:46 IST" description="Runs Cucumber Scenarios" data-provider="scenarios" finished-at="2021-11-14T16:33:46 IST">
          <params>
            <param index="0">
              <value>
                <![CDATA["Passing String parameter to the gherkin step"]]>
              </value>
            </param>
            <param index="1">
              <value>
                <![CDATA["Optional[This feature describes the parameterization in Cucumber]"]]>
              </value>
            </param>
          </params>
          <reporter-output>
          </reporter-output>
        </test-method> <!-- runScenario -->
        <test-method status="PASS" signature="runScenario(io.cucumber.testng.PickleWrapper, io.cucumber.testng.FeatureWrapper)[pri:0, instance:com.testingshastra.util.RunnerTest@3ba9ad43]" name="runScenario" duration-ms="22" started-at="2021-11-14T16:33:46 IST" description="Runs Cucumber Scenarios" data-provider="scenarios" finished-at="2021-11-14T16:33:46 IST">
          <params>
            <param index="0">
              <value>
                <![CDATA["Passing float parameters to gherkin step"]]>
              </value>
            </param>
            <param index="1">
              <value>
                <![CDATA["Optional[This feature describes the parameterization in Cucumber]"]]>
              </value>
            </param>
          </params>
          <reporter-output>
          </reporter-output>
        </test-method> <!-- runScenario -->
        <test-method status="PASS" signature="runScenario(io.cucumber.testng.PickleWrapper, io.cucumber.testng.FeatureWrapper)[pri:0, instance:com.testingshastra.util.RunnerTest@3ba9ad43]" name="runScenario" duration-ms="59" started-at="2021-11-14T16:33:46 IST" description="Runs Cucumber Scenarios" data-provider="scenarios" finished-at="2021-11-14T16:33:46 IST">
          <params>
            <param index="0">
              <value>
                <![CDATA["Passing list of parameters to the Gherkin step"]]>
              </value>
            </param>
            <param index="1">
              <value>
                <![CDATA["Optional[This feature describes the parameterization in Cucumber]"]]>
              </value>
            </param>
          </params>
          <reporter-output>
          </reporter-output>
        </test-method> <!-- runScenario -->
        <test-method status="PASS" signature="runScenario(io.cucumber.testng.PickleWrapper, io.cucumber.testng.FeatureWrapper)[pri:0, instance:com.testingshastra.util.RunnerTest@3ba9ad43]" name="runScenario" duration-ms="17" started-at="2021-11-14T16:33:46 IST" description="Runs Cucumber Scenarios" data-provider="scenarios" finished-at="2021-11-14T16:33:46 IST">
          <params>
            <param index="0">
              <value>
                <![CDATA["Passing table of parameters to the gherkin step"]]>
              </value>
            </param>
            <param index="1">
              <value>
                <![CDATA["Optional[This feature describes the parameterization in Cucumber]"]]>
              </value>
            </param>
          </params>
          <reporter-output>
          </reporter-output>
        </test-method> <!-- runScenario -->
        <test-method status="PASS" signature="runScenario(io.cucumber.testng.PickleWrapper, io.cucumber.testng.FeatureWrapper)[pri:0, instance:com.testingshastra.util.RunnerTest@3ba9ad43]" name="runScenario" duration-ms="1538" started-at="2021-11-14T16:33:46 IST" description="Runs Cucumber Scenarios" data-provider="scenarios" finished-at="2021-11-14T16:33:47 IST">
          <params>
            <param index="0">
              <value>
                <![CDATA[""]]>
              </value>
            </param>
            <param index="1">
              <value>
                <![CDATA["Optional[This feature describes the parameterization in Cucumber]"]]>
              </value>
            </param>
          </params>
          <reporter-output>
          </reporter-output>
        </test-method> <!-- runScenario -->
        <test-method status="PASS" signature="runScenario(io.cucumber.testng.PickleWrapper, io.cucumber.testng.FeatureWrapper)[pri:0, instance:com.testingshastra.util.RunnerTest@3ba9ad43]" name="runScenario" duration-ms="77" started-at="2021-11-14T16:33:47 IST" description="Runs Cucumber Scenarios" data-provider="scenarios" finished-at="2021-11-14T16:33:47 IST">
          <params>
            <param index="0">
              <value>
                <![CDATA[""]]>
              </value>
            </param>
            <param index="1">
              <value>
                <![CDATA["Optional[This feature describes the parameterization in Cucumber]"]]>
              </value>
            </param>
          </params>
          <reporter-output>
          </reporter-output>
        </test-method> <!-- runScenario -->
        <test-method status="PASS" signature="runScenario(io.cucumber.testng.PickleWrapper, io.cucumber.testng.FeatureWrapper)[pri:0, instance:com.testingshastra.util.RunnerTest@3ba9ad43]" name="runScenario" duration-ms="143" started-at="2021-11-14T16:33:47 IST" description="Runs Cucumber Scenarios" data-provider="scenarios" finished-at="2021-11-14T16:33:48 IST">
          <params>
            <param index="0">
              <value>
                <![CDATA[""]]>
              </value>
            </param>
            <param index="1">
              <value>
                <![CDATA["Optional[This feature describes the parameterization in Cucumber]"]]>
              </value>
            </param>
          </params>
          <reporter-output>
          </reporter-output>
        </test-method> <!-- runScenario -->
        <test-method status="PASS" signature="runScenario(io.cucumber.testng.PickleWrapper, io.cucumber.testng.FeatureWrapper)[pri:0, instance:com.testingshastra.util.RunnerTest@3ba9ad43]" name="runScenario" duration-ms="94" started-at="2021-11-14T16:33:48 IST" description="Runs Cucumber Scenarios" data-provider="scenarios" finished-at="2021-11-14T16:33:48 IST">
          <params>
            <param index="0">
              <value>
                <![CDATA[""]]>
              </value>
            </param>
            <param index="1">
              <value>
                <![CDATA["Optional[This feature describes the parameterization in Cucumber]"]]>
              </value>
            </param>
          </params>
          <reporter-output>
          </reporter-output>
        </test-method> <!-- runScenario -->
        <test-method status="PASS" signature="runScenario(io.cucumber.testng.PickleWrapper, io.cucumber.testng.FeatureWrapper)[pri:0, instance:com.testingshastra.util.RunnerTest@3ba9ad43]" name="runScenario" duration-ms="144" started-at="2021-11-14T16:33:48 IST" description="Runs Cucumber Scenarios" data-provider="scenarios" finished-at="2021-11-14T16:33:48 IST">
          <params>
            <param index="0">
              <value>
                <![CDATA[""]]>
              </value>
            </param>
            <param index="1">
              <value>
                <![CDATA["Optional[This feature describes the parameterization in Cucumber]"]]>
              </value>
            </param>
          </params>
          <reporter-output>
          </reporter-output>
        </test-method> <!-- runScenario -->
        <test-method status="PASS" signature="runScenario(io.cucumber.testng.PickleWrapper, io.cucumber.testng.FeatureWrapper)[pri:0, instance:com.testingshastra.util.RunnerTest@3ba9ad43]" name="runScenario" duration-ms="70" started-at="2021-11-14T16:33:48 IST" description="Runs Cucumber Scenarios" data-provider="scenarios" finished-at="2021-11-14T16:33:48 IST">
          <params>
            <param index="0">
              <value>
                <![CDATA[""]]>
              </value>
            </param>
            <param index="1">
              <value>
                <![CDATA["Optional[This feature describes the parameterization in Cucumber]"]]>
              </value>
            </param>
          </params>
          <reporter-output>
          </reporter-output>
        </test-method> <!-- runScenario -->
        <test-method status="PASS" signature="tearDownClass()[pri:0, instance:com.testingshastra.util.RunnerTest@3ba9ad43]" name="tearDownClass" is-config="true" duration-ms="38" started-at="2021-11-14T16:33:48 IST" finished-at="2021-11-14T16:33:48 IST">
          <reporter-output>
          </reporter-output>
        </test-method> <!-- tearDownClass -->
      </class> <!-- com.testingshastra.util.RunnerTest -->
    </test> <!-- Command line test -->
  </suite> <!-- com.testingshastra.util.RunnerTest -->
</testng-results>
