<?xml version="1.0" encoding="UTF-8"?>
<!-- Generated by org.testng.reporters.JUnitReportReporter -->
<testsuite skipped="0" hostname="Avinashs-MacBook-Pro.local" name="com.testingshastra.util.Runner" tests="5" failures="0" timestamp="2021-11-14T14:01:37 IST" time="0.539" errors="1">
  <testcase name="runScenario" time="0.023" classname="com.testingshastra.util.Runner"/>
  <system-out/>
  <testcase name="runScenario" time="0.046" classname="com.testingshastra.util.Runner"/>
  <system-out/>
  <testcase name="runScenario" time="0.074" classname="com.testingshastra.util.Runner"/>
  <system-out/>
  <testcase name="runScenario" time="0.030" classname="com.testingshastra.util.Runner"/>
  <system-out/>
  <testcase name="runScenario" time="0.366" classname="com.testingshastra.util.Runner">
    <error type="java.lang.NullPointerException">
      <![CDATA[java.lang.NullPointerException
at com.testingshastra.stepdefinitions.HomePageSteps.verify_the_title_of_homepage(HomePageSteps.java:49)
at ✽.verify the title of homepage is "IJmeet"(file:///Volumes/BOOTCAMP/Testing%20Shastra/Daisy21A/Daisy/src/test/resources/Features/First.feature:4)
]]>
    </error>
  </testcase> <!-- runScenario -->
  <system-out/>
</testsuite> <!-- com.testingshastra.util.Runner -->
